<?xml version="1.0" encoding="UTF-8"?>
<testsuite xmlns:xsi="http://www.w3.org/2001/XMLSchema-instance" xsi:noNamespaceSchemaLocation="https://maven.apache.org/surefire/maven-surefire-plugin/xsd/surefire-test-report.xsd" name="com.qmx.member.PlatformMemberFacadeApplicationTests" time="0.648" tests="1" errors="1" skipped="0" failures="0">
  <properties>
[...]
</properties>
  <testcase name="initializationError" classname="com.qmx.member.PlatformMemberFacadeApplicationTests" time="0.006">
    <error message="Unable to find a @SpringBootConfiguration, you need to use @ContextConfiguration or @SpringBootTest(classes=...) with your test" type="java.lang.IllegalStateException">java.lang.IllegalStateException: Unable to find a @SpringBootConfiguration, you need to use @ContextConfiguration or @SpringBootTest(classes=...) with your test
</error>
    <system-out><![CDATA[15:17:48.447 [main] DEBUG org.springframework.test.context.junit4.SpringJUnit4ClassRunner - SpringJUnit4ClassRunner constructor called with [class com.qmx.member.PlatformMemberFacadeApplicationTests]
15:17:48.454 [main] DEBUG org.springframework.test.context.BootstrapUtils - Instantiating CacheAwareContextLoaderDelegate from class [org.springframework.test.context.cache.DefaultCacheAwareContextLoaderDelegate]
15:17:48.463 [main] DEBUG org.springframework.test.context.BootstrapUtils - Instantiating BootstrapContext using constructor [public org.springframework.test.context.support.DefaultBootstrapContext(java.lang.Class,org.springframework.test.context.CacheAwareContextLoaderDelegate)]
15:17:48.483 [main] DEBUG org.springframework.test.context.BootstrapUtils - Instantiating TestContextBootstrapper for test class [com.qmx.member.PlatformMemberFacadeApplicationTests] from class [org.springframework.boot.test.context.SpringBootTestContextBootstrapper]
15:17:48.494 [main] INFO org.springframework.boot.test.context.SpringBootTestContextBootstrapper - Neither @ContextConfiguration nor @ContextHierarchy found for test class [com.qmx.member.PlatformMemberFacadeApplicationTests], using SpringBootContextLoader
15:17:48.497 [main] DEBUG org.springframework.test.context.support.AbstractContextLoader - Did not detect default resource location for test class [com.qmx.member.PlatformMemberFacadeApplicationTests]: class path resource [com/qmx/member/PlatformMemberFacadeApplicationTests-context.xml] does not exist
15:17:48.498 [main] DEBUG org.springframework.test.context.support.AbstractContextLoader - Did not detect default resource location for test class [com.qmx.member.PlatformMemberFacadeApplicationTests]: class path resource [com/qmx/member/PlatformMemberFacadeApplicationTestsContext.groovy] does not exist
15:17:48.498 [main] INFO org.springframework.test.context.support.AbstractContextLoader - Could not detect default resource locations for test class [com.qmx.member.PlatformMemberFacadeApplicationTests]: no resource found for suffixes {-context.xml, Context.groovy}.
15:17:48.499 [main] INFO org.springframework.test.context.support.AnnotationConfigContextLoaderUtils - Could not detect default configuration classes for test class [com.qmx.member.PlatformMemberFacadeApplicationTests]: PlatformMemberFacadeApplicationTests does not declare any static, non-private, non-final, nested classes annotated with @Configuration.
15:17:48.541 [main] DEBUG org.springframework.test.context.support.ActiveProfilesUtils - Could not find an 'annotation declaring class' for annotation type [org.springframework.test.context.ActiveProfiles] and class [com.qmx.member.PlatformMemberFacadeApplicationTests]
15:17:48.549 [main] DEBUG org.springframework.core.env.StandardEnvironment - Adding PropertySource 'systemProperties' with lowest search precedence
15:17:48.549 [main] DEBUG org.springframework.core.env.StandardEnvironment - Adding PropertySource 'systemEnvironment' with lowest search precedence
15:17:48.549 [main] DEBUG org.springframework.core.env.StandardEnvironment - Initialized StandardEnvironment with PropertySources [MapPropertySource@591391158 {name='systemProperties', properties={idea.version=2017.2.3, java.runtime.name=Java(TM) SE Runtime Environment, sun.boot.library.path=C:\Program Files\Java\jdk1.8.0_60\jre\bin, java.vm.version=25.60-b23, java.vm.vendor=Oracle Corporation, java.vendor.url=http://java.oracle.com/, path.separator=;, java.vm.name=Java HotSpot(TM) 64-Bit Server VM, file.encoding.pkg=sun.io, user.country=CN, user.script=, sun.java.launcher=SUN_STANDARD, sun.os.patch.level=Service Pack 1, java.vm.specification.name=Java Virtual Machine Specification, user.dir=D:\SVN\platform-module-member\platform-member-facade, java.runtime.version=1.8.0_60-b27, basedir=D:\SVN\platform-module-member\platform-member-facade, java.awt.graphicsenv=sun.awt.Win32GraphicsEnvironment, java.endorsed.dirs=C:\Program Files\Java\jdk1.8.0_60\jre\lib\endorsed, os.arch=amd64, surefire.real.class.path=C:\Users\zzz\AppData\Local\Temp\surefire9080342667615602120\surefirebooter2734469701904749001.jar, java.io.tmpdir=C:\Users\zzz\AppData\Local\Temp\, line.separator=
, java.vm.specification.vendor=Oracle Corporation, user.variant=, os.name=Windows 7, sun.jnu.encoding=GBK, java.library.path=C:\Program Files\Java\jdk1.8.0_60\jre\bin;C:\Windows\Sun\Java\bin;C:\Windows\system32;C:\Windows;C:\ProgramData\Oracle\Java\javapath;C:\Windows\system32;C:\Windows;C:\Windows\System32\Wbem;C:\Windows\System32\WindowsPowerShell\v1.0\;C:\Program Files\Intel\WiFi\bin\;C:\Program Files\Common Files\Intel\WirelessCommon\;C:\Program Files\TortoiseSVN\bin;C:\Program Files\Java\jdk1.8.0_60\bin;D:\java\maven\apache-maven-3.5.3\bin;d:\Program Files\Git\cmd;C:\Program Files\Intel\WiFi\bin\;C:\Program Files\Common Files\Intel\WirelessCommon\;., surefire.test.class.path=D:\SVN\platform-module-member\platform-member-facade\target\test-classes;D:\SVN\platform-module-member\platform-member-facade\target\classes;D:\java\maven\localRepository\org\springframework\boot\spring-boot-starter\2.0.3.RELEASE\spring-boot-starter-2.0.3.RELEASE.jar;D:\java\maven\localRepository\org\springframework\boot\spring-boot\2.0.3.RELEASE\spring-boot-2.0.3.RELEASE.jar;D:\java\maven\localRepository\org\springframework\spring-context\5.0.7.RELEASE\spring-context-5.0.7.RELEASE.jar;D:\java\maven\localRepository\org\springframework\spring-beans\5.0.7.RELEASE\spring-beans-5.0.7.RELEASE.jar;D:\java\maven\localRepository\org\springframework\spring-expression\5.0.7.RELEASE\spring-expression-5.0.7.RELEASE.jar;D:\java\maven\localRepository\org\springframework\boot\spring-boot-autoconfigure\2.0.3.RELEASE\spring-boot-autoconfigure-2.0.3.RELEASE.jar;D:\java\maven\localRepository\org\springframework\boot\spring-boot-starter-logging\2.0.3.RELEASE\spring-boot-starter-logging-2.0.3.RELEASE.jar;D:\java\maven\localRepository\ch\qos\logback\logback-classic\1.2.3\logback-classic-1.2.3.jar;D:\java\maven\localRepository\ch\qos\logback\logback-core\1.2.3\logback-core-1.2.3.jar;D:\java\maven\localRepository\org\apache\logging\log4j\log4j-to-slf4j\2.10.0\log4j-to-slf4j-2.10.0.jar;D:\java\maven\localRepository\org\apache\logging\log4j\log4j-api\2.10.0\log4j-api-2.10.0.jar;D:\java\maven\localRepository\org\slf4j\jul-to-slf4j\1.7.25\jul-to-slf4j-1.7.25.jar;D:\java\maven\localRepository\javax\annotation\javax.annotation-api\1.3.2\javax.annotation-api-1.3.2.jar;D:\java\maven\localRepository\org\springframework\spring-core\5.0.7.RELEASE\spring-core-5.0.7.RELEASE.jar;D:\java\maven\localRepository\org\springframework\spring-jcl\5.0.7.RELEASE\spring-jcl-5.0.7.RELEASE.jar;D:\java\maven\localRepository\org\yaml\snakeyaml\1.19\snakeyaml-1.19.jar;D:\java\maven\localRepository\org\springframework\boot\spring-boot-starter-test\2.0.3.RELEASE\spring-boot-starter-test-2.0.3.RELEASE.jar;D:\java\maven\localRepository\org\springframework\boot\spring-boot-test\2.0.3.RELEASE\spring-boot-test-2.0.3.RELEASE.jar;D:\java\maven\localRepository\org\springframework\boot\spring-boot-test-autoconfigure\2.0.3.RELEASE\spring-boot-test-autoconfigure-2.0.3.RELEASE.jar;D:\java\maven\localRepository\com\jayway\jsonpath\json-path\2.4.0\json-path-2.4.0.jar;D:\java\maven\localRepository\net\minidev\json-smart\2.3\json-smart-2.3.jar;D:\java\maven\localRepository\net\minidev\accessors-smart\1.2\accessors-smart-1.2.jar;D:\java\maven\localRepository\org\slf4j\slf4j-api\1.7.25\slf4j-api-1.7.25.jar;D:\java\maven\localRepository\junit\junit\4.12\junit-4.12.jar;D:\java\maven\localRepository\org\assertj\assertj-core\3.9.1\assertj-core-3.9.1.jar;D:\java\maven\localRepository\org\mockito\mockito-core\2.15.0\mockito-core-2.15.0.jar;D:\java\maven\localRepository\net\bytebuddy\byte-buddy\1.7.11\byte-buddy-1.7.11.jar;D:\java\maven\localRepository\net\bytebuddy\byte-buddy-agent\1.7.11\byte-buddy-agent-1.7.11.jar;D:\java\maven\localRepository\org\objenesis\objenesis\2.6\objenesis-2.6.jar;D:\java\maven\localRepository\org\hamcrest\hamcrest-core\1.3\hamcrest-core-1.3.jar;D:\java\maven\localRepository\org\hamcrest\hamcrest-library\1.3\hamcrest-library-1.3.jar;D:\java\maven\localRepository\org\skyscreamer\jsonassert\1.5.0\jsonassert-1.5.0.jar;D:\java\maven\localRepository\com\vaadin\external\google\android-json\0.0.20131108.vaadin1\android-json-0.0.20131108.vaadin1.jar;D:\java\maven\localRepository\org\springframework\spring-test\5.0.7.RELEASE\spring-test-5.0.7.RELEASE.jar;D:\java\maven\localRepository\org\xmlunit\xmlunit-core\2.5.1\xmlunit-core-2.5.1.jar;D:\java\maven\localRepository\com\qmx\platform-base-core\0.3.0-SNAPSHOT\platform-base-core-0.3.0-SNAPSHOT.jar;D:\java\maven\localRepository\org\springframework\boot\spring-boot-starter-web\2.0.3.RELEASE\spring-boot-starter-web-2.0.3.RELEASE.jar;D:\java\maven\localRepository\org\springframework\boot\spring-boot-starter-json\2.0.3.RELEASE\spring-boot-starter-json-2.0.3.RELEASE.jar;D:\java\maven\localRepository\com\fasterxml\jackson\datatype\jackson-datatype-jdk8\2.9.6\jackson-datatype-jdk8-2.9.6.jar;D:\java\maven\localRepository\com\fasterxml\jackson\datatype\jackson-datatype-jsr310\2.9.6\jackson-datatype-jsr310-2.9.6.jar;D:\java\maven\localRepository\com\fasterxml\jackson\module\jackson-module-parameter-names\2.9.6\jackson-module-parameter-names-2.9.6.jar;D:\java\maven\localRepository\org\springframework\boot\spring-boot-starter-tomcat\2.0.3.RELEASE\spring-boot-starter-tomcat-2.0.3.RELEASE.jar;D:\java\maven\localRepository\org\apache\tomcat\embed\tomcat-embed-core\8.5.31\tomcat-embed-core-8.5.31.jar;D:\java\maven\localRepository\org\apache\tomcat\embed\tomcat-embed-websocket\8.5.31\tomcat-embed-websocket-8.5.31.jar;D:\java\maven\localRepository\org\hibernate\validator\hibernate-validator\6.0.10.Final\hibernate-validator-6.0.10.Final.jar;D:\java\maven\localRepository\javax\validation\validation-api\2.0.1.Final\validation-api-2.0.1.Final.jar;D:\java\maven\localRepository\org\jboss\logging\jboss-logging\3.3.2.Final\jboss-logging-3.3.2.Final.jar;D:\java\maven\localRepository\com\fasterxml\classmate\1.3.4\classmate-1.3.4.jar;D:\java\maven\localRepository\org\springframework\spring-web\5.0.7.RELEASE\spring-web-5.0.7.RELEASE.jar;D:\java\maven\localRepository\org\springframework\spring-webmvc\5.0.7.RELEASE\spring-webmvc-5.0.7.RELEASE.jar;D:\java\maven\localRepository\io\lettuce\lettuce-core\5.0.4.RELEASE\lettuce-core-5.0.4.RELEASE.jar;D:\java\maven\localRepository\io\projectreactor\reactor-core\3.1.8.RELEASE\reactor-core-3.1.8.RELEASE.jar;D:\java\maven\localRepository\org\reactivestreams\reactive-streams\1.0.2\reactive-streams-1.0.2.jar;D:\java\maven\localRepository\io\netty\netty-common\4.1.25.Final\netty-common-4.1.25.Final.jar;D:\java\maven\localRepository\io\netty\netty-transport\4.1.25.Final\netty-transport-4.1.25.Final.jar;D:\java\maven\localRepository\io\netty\netty-buffer\4.1.25.Final\netty-buffer-4.1.25.Final.jar;D:\java\maven\localRepository\io\netty\netty-resolver\4.1.25.Final\netty-resolver-4.1.25.Final.jar;D:\java\maven\localRepository\io\netty\netty-handler\4.1.25.Final\netty-handler-4.1.25.Final.jar;D:\java\maven\localRepository\io\netty\netty-codec\4.1.25.Final\netty-codec-4.1.25.Final.jar;D:\java\maven\localRepository\commons-lang\commons-lang\2.6\commons-lang-2.6.jar;D:\java\maven\localRepository\commons-io\commons-io\2.6\commons-io-2.6.jar;D:\java\maven\localRepository\org\apache\httpcomponents\httpclient\4.5.5\httpclient-4.5.5.jar;D:\java\maven\localRepository\org\apache\httpcomponents\httpcore\4.4.9\httpcore-4.4.9.jar;D:\java\maven\localRepository\org\apache\httpcomponents\httpmime\4.5.5\httpmime-4.5.5.jar;D:\java\maven\localRepository\commons-beanutils\commons-beanutils\1.9.3\commons-beanutils-1.9.3.jar;D:\java\maven\localRepository\commons-logging\commons-logging\1.2\commons-logging-1.2.jar;D:\java\maven\localRepository\commons-collections\commons-collections\3.2.2\commons-collections-3.2.2.jar;D:\java\maven\localRepository\org\springframework\boot\spring-boot-starter-aop\2.0.3.RELEASE\spring-boot-starter-aop-2.0.3.RELEASE.jar;D:\java\maven\localRepository\org\springframework\spring-aop\5.0.7.RELEASE\spring-aop-5.0.7.RELEASE.jar;D:\java\maven\localRepository\org\aspectj\aspectjweaver\1.8.13\aspectjweaver-1.8.13.jar;D:\java\maven\localRepository\org\springframework\boot\spring-boot-starter-validation\2.0.3.RELEASE\spring-boot-starter-validation-2.0.3.RELEASE.jar;D:\java\maven\localRepository\org\apache\tomcat\embed\tomcat-embed-el\8.5.31\tomcat-embed-el-8.5.31.jar;D:\java\maven\localRepository\org\springframework\boot\spring-boot-starter-data-redis\2.0.3.RELEASE\spring-boot-starter-data-redis-2.0.3.RELEASE.jar;D:\java\maven\localRepository\org\springframework\data\spring-data-redis\2.0.8.RELEASE\spring-data-redis-2.0.8.RELEASE.jar;D:\java\maven\localRepository\org\springframework\data\spring-data-keyvalue\2.0.8.RELEASE\spring-data-keyvalue-2.0.8.RELEASE.jar;D:\java\maven\localRepository\org\springframework\data\spring-data-commons\2.0.8.RELEASE\spring-data-commons-2.0.8.RELEASE.jar;D:\java\maven\localRepository\org\springframework\spring-tx\5.0.7.RELEASE\spring-tx-5.0.7.RELEASE.jar;D:\java\maven\localRepository\org\springframework\spring-oxm\5.0.7.RELEASE\spring-oxm-5.0.7.RELEASE.jar;D:\java\maven\localRepository\com\octo\captcha\jcaptcha\1.0\jcaptcha-1.0.jar;D:\java\maven\localRepository\com\octo\captcha\jcaptcha-api\1.0\jcaptcha-api-1.0.jar;D:\java\maven\localRepository\com\jhlabs\imaging\01012005\imaging-01012005.jar;D:\java\maven\localRepository\com\google\zxing\core\3.2.0\core-3.2.0.jar;D:\java\maven\localRepository\commons-codec\commons-codec\1.11\commons-codec-1.11.jar;D:\java\maven\localRepository\com\esotericsoftware\reflectasm\1.11.3\reflectasm-1.11.3.jar;D:\java\maven\localRepository\org\ow2\asm\asm\5.0.4\asm-5.0.4.jar;D:\java\maven\localRepository\org\dom4j\dom4j\2.0.0\dom4j-2.0.0.jar;D:\java\maven\localRepository\jaxen\jaxen\1.1.6\jaxen-1.1.6.jar;D:\java\maven\localRepository\com\belerweb\pinyin4j\2.5.1\pinyin4j-2.5.1.jar;D:\java\maven\localRepository\org\apache\poi\poi-ooxml\3.9\poi-ooxml-3.9.jar;D:\java\maven\localRepository\org\apache\poi\poi\3.9\poi-3.9.jar;D:\java\maven\localRepository\org\apache\poi\poi-ooxml-schemas\3.9\poi-ooxml-schemas-3.9.jar;D:\java\maven\localRepository\org\apache\xmlbeans\xmlbeans\2.3.0\xmlbeans-2.3.0.jar;D:\java\maven\localRepository\stax\stax-api\1.0.1\stax-api-1.0.1.jar;D:\java\maven\localRepository\dom4j\dom4j\1.6.1\dom4j-1.6.1.jar;D:\java\maven\localRepository\xml-apis\xml-apis\1.4.01\xml-apis-1.4.01.jar;D:\java\maven\localRepository\cz\mallat\uasparser\uasparser\0.6.2\uasparser-0.6.2.jar;D:\java\maven\localRepository\net\sourceforge\jregex\jregex\1.2_01\jregex-1.2_01.jar;D:\java\maven\localRepository\com\aliyun\oss\aliyun-sdk-oss\2.8.2\aliyun-sdk-oss-2.8.2.jar;D:\java\maven\localRepository\org\jdom\jdom\1.1\jdom-1.1.jar;D:\java\maven\localRepository\net\sf\json-lib\json-lib\2.4\json-lib-2.4-jdk15.jar;D:\java\maven\localRepository\net\sf\ezmorph\ezmorph\1.0.6\ezmorph-1.0.6.jar;D:\java\maven\localRepository\org\springframework\boot\spring-boot-starter-freemarker\2.0.3.RELEASE\spring-boot-starter-freemarker-2.0.3.RELEASE.jar;D:\java\maven\localRepository\org\freemarker\freemarker\2.3.28\freemarker-2.3.28.jar;D:\java\maven\localRepository\org\springframework\spring-context-support\5.0.7.RELEASE\spring-context-support-5.0.7.RELEASE.jar;D:\java\maven\localRepository\org\apache\shiro\shiro-spring\1.3.2\shiro-spring-1.3.2.jar;D:\java\maven\localRepository\org\apache\shiro\shiro-core\1.3.2\shiro-core-1.3.2.jar;D:\java\maven\localRepository\org\apache\shiro\shiro-web\1.3.2\shiro-web-1.3.2.jar;D:\java\maven\localRepository\org\springframework\boot\spring-boot-starter-jdbc\2.0.3.RELEASE\spring-boot-starter-jdbc-2.0.3.RELEASE.jar;D:\java\maven\localRepository\com\zaxxer\HikariCP\2.7.9\HikariCP-2.7.9.jar;D:\java\maven\localRepository\org\springframework\spring-jdbc\5.0.7.RELEASE\spring-jdbc-5.0.7.RELEASE.jar;D:\java\maven\localRepository\com\alibaba\druid\1.0.28\druid-1.0.28.jar;C:\Program Files\Java\jdk1.8.0_60\jre\..\lib\jconsole.jar;C:\Program Files\Java\jdk1.8.0_60\jre\..\lib\tools.jar;D:\java\maven\localRepository\mysql\mysql-connector-java\5.1.46\mysql-connector-java-5.1.46.jar;D:\java\maven\localRepository\com\qmx\platform-base-api\0.3.0-SNAPSHOT\platform-base-api-0.3.0-SNAPSHOT.jar;D:\java\maven\localRepository\com\alibaba\fastjson\1.2.38\fastjson-1.2.38.jar;D:\java\maven\localRepository\com\baomidou\mybatis-plus-boot-starter\2.3\mybatis-plus-boot-starter-2.3.jar;D:\java\maven\localRepository\com\baomidou\mybatis-plus\2.3\mybatis-plus-2.3.jar;D:\java\maven\localRepository\com\baomidou\mybatis-plus-support\2.3\mybatis-plus-support-2.3.jar;D:\java\maven\localRepository\com\baomidou\mybatis-plus-core\2.3\mybatis-plus-core-2.3.jar;D:\java\maven\localRepository\com\github\jsqlparser\jsqlparser\1.1\jsqlparser-1.1.jar;D:\java\maven\localRepository\org\mybatis\mybatis-spring\1.3.2\mybatis-spring-1.3.2.jar;D:\java\maven\localRepository\org\mybatis\mybatis\3.4.6\mybatis-3.4.6.jar;D:\java\maven\localRepository\com\baomidou\mybatis-plus-generate\2.3\mybatis-plus-generate-2.3.jar;D:\java\maven\localRepository\io\springfox\springfox-swagger2\2.7.0\springfox-swagger2-2.7.0.jar;D:\java\maven\localRepository\io\swagger\swagger-annotations\1.5.13\swagger-annotations-1.5.13.jar;D:\java\maven\localRepository\io\swagger\swagger-models\1.5.13\swagger-models-1.5.13.jar;D:\java\maven\localRepository\io\springfox\springfox-spi\2.7.0\springfox-spi-2.7.0.jar;D:\java\maven\localRepository\io\springfox\springfox-core\2.7.0\springfox-core-2.7.0.jar;D:\java\maven\localRepository\io\springfox\springfox-schema\2.7.0\springfox-schema-2.7.0.jar;D:\java\maven\localRepository\io\springfox\springfox-swagger-common\2.7.0\springfox-swagger-common-2.7.0.jar;D:\java\maven\localRepository\io\springfox\springfox-spring-web\2.7.0\springfox-spring-web-2.7.0.jar;D:\java\maven\localRepository\org\reflections\reflections\0.9.11\reflections-0.9.11.jar;D:\java\maven\localRepository\org\javassist\javassist\3.21.0-GA\javassist-3.21.0-GA.jar;D:\java\maven\localRepository\com\google\guava\guava\18.0\guava-18.0.jar;D:\java\maven\localRepository\org\springframework\plugin\spring-plugin-core\1.2.0.RELEASE\spring-plugin-core-1.2.0.RELEASE.jar;D:\java\maven\localRepository\org\springframework\plugin\spring-plugin-metadata\1.2.0.RELEASE\spring-plugin-metadata-1.2.0.RELEASE.jar;D:\java\maven\localRepository\org\mapstruct\mapstruct\1.1.0.Final\mapstruct-1.1.0.Final.jar;D:\java\maven\localRepository\io\springfox\springfox-swagger-ui\2.7.0\springfox-swagger-ui-2.7.0.jar;D:\java\maven\localRepository\com\github\xiaoymin\swagger-bootstrap-ui\1.6\swagger-bootstrap-ui-1.6.jar;D:\java\maven\localRepository\com\aliyun\openservices\ons-client\1.6.0.Final\ons-client-1.6.0.Final.jar;D:\java\maven\localRepository\org\springframework\boot\spring-boot-starter-actuator\2.0.3.RELEASE\spring-boot-starter-actuator-2.0.3.RELEASE.jar;D:\java\maven\localRepository\org\springframework\boot\spring-boot-actuator-autoconfigure\2.0.3.RELEASE\spring-boot-actuator-autoconfigure-2.0.3.RELEASE.jar;D:\java\maven\localRepository\org\springframework\boot\spring-boot-actuator\2.0.3.RELEASE\spring-boot-actuator-2.0.3.RELEASE.jar;D:\java\maven\localRepository\io\micrometer\micrometer-core\1.0.5\micrometer-core-1.0.5.jar;D:\java\maven\localRepository\org\hdrhistogram\HdrHistogram\2.1.10\HdrHistogram-2.1.10.jar;D:\java\maven\localRepository\org\latencyutils\LatencyUtils\2.0.3\LatencyUtils-2.0.3.jar;D:\java\maven\localRepository\org\springframework\cloud\spring-cloud-starter-config\2.0.0.RELEASE\spring-cloud-starter-config-2.0.0.RELEASE.jar;D:\java\maven\localRepository\org\springframework\cloud\spring-cloud-starter\2.0.0.RELEASE\spring-cloud-starter-2.0.0.RELEASE.jar;D:\java\maven\localRepository\org\springframework\cloud\spring-cloud-context\2.0.0.RELEASE\spring-cloud-context-2.0.0.RELEASE.jar;D:\java\maven\localRepository\org\springframework\security\spring-security-rsa\1.0.5.RELEASE\spring-security-rsa-1.0.5.RELEASE.jar;D:\java\maven\localRepository\org\bouncycastle\bcpkix-jdk15on\1.56\bcpkix-jdk15on-1.56.jar;D:\java\maven\localRepository\org\bouncycastle\bcprov-jdk15on\1.56\bcprov-jdk15on-1.56.jar;D:\java\maven\localRepository\org\springframework\cloud\spring-cloud-config-client\2.0.0.RELEASE\spring-cloud-config-client-2.0.0.RELEASE.jar;D:\java\maven\localRepository\com\fasterxml\jackson\core\jackson-annotations\2.9.0\jackson-annotations-2.9.0.jar;D:\java\maven\localRepository\com\fasterxml\jackson\core\jackson-databind\2.9.6\jackson-databind-2.9.6.jar;D:\java\maven\localRepository\com\fasterxml\jackson\core\jackson-core\2.9.6\jackson-core-2.9.6.jar;D:\java\maven\localRepository\org\springframework\cloud\spring-cloud-starter-netflix-eureka-client\2.0.0.RELEASE\spring-cloud-starter-netflix-eureka-client-2.0.0.RELEASE.jar;D:\java\maven\localRepository\org\springframework\cloud\spring-cloud-netflix-core\2.0.0.RELEASE\spring-cloud-netflix-core-2.0.0.RELEASE.jar;D:\java\maven\localRepository\org\springframework\cloud\spring-cloud-netflix-eureka-client\2.0.0.RELEASE\spring-cloud-netflix-eureka-client-2.0.0.RELEASE.jar;D:\java\maven\localRepository\com\netflix\eureka\eureka-client\1.9.2\eureka-client-1.9.2.jar;D:\java\maven\localRepository\org\codehaus\jettison\jettison\1.3.7\jettison-1.3.7.jar;D:\java\maven\localRepository\com\netflix\netflix-commons\netflix-eventbus\0.3.0\netflix-eventbus-0.3.0.jar;D:\java\maven\localRepository\com\netflix\netflix-commons\netflix-infix\0.3.0\netflix-infix-0.3.0.jar;D:\java\maven\localRepository\commons-jxpath\commons-jxpath\1.3\commons-jxpath-1.3.jar;D:\java\maven\localRepository\joda-time\joda-time\2.9.9\joda-time-2.9.9.jar;D:\java\maven\localRepository\org\antlr\antlr-runtime\3.4\antlr-runtime-3.4.jar;D:\java\maven\localRepository\org\antlr\stringtemplate\3.2.1\stringtemplate-3.2.1.jar;D:\java\maven\localRepository\antlr\antlr\2.7.7\antlr-2.7.7.jar;D:\java\maven\localRepository\com\google\code\gson\gson\2.8.5\gson-2.8.5.jar;D:\java\maven\localRepository\org\apache\commons\commons-math\2.2\commons-math-2.2.jar;D:\java\maven\localRepository\com\netflix\archaius\archaius-core\0.7.6\archaius-core-0.7.6.jar;D:\java\maven\localRepository\javax\ws\rs\jsr311-api\1.1.1\jsr311-api-1.1.1.jar;D:\java\maven\localRepository\com\netflix\servo\servo-core\0.12.21\servo-core-0.12.21.jar;D:\java\maven\localRepository\com\sun\jersey\jersey-core\1.19.1\jersey-core-1.19.1.jar;D:\java\maven\localRepository\com\sun\jersey\jersey-client\1.19.1\jersey-client-1.19.1.jar;D:\java\maven\localRepository\com\sun\jersey\contribs\jersey-apache-client4\1.19.1\jersey-apache-client4-1.19.1.jar;D:\java\maven\localRepository\com\google\inject\guice\4.1.0\guice-4.1.0.jar;D:\java\maven\localRepository\javax\inject\javax.inject\1\javax.inject-1.jar;D:\java\maven\localRepository\aopalliance\aopalliance\1.0\aopalliance-1.0.jar;D:\java\maven\localRepository\com\github\vlsi\compactmap\compactmap\1.2.1\compactmap-1.2.1.jar;D:\java\maven\localRepository\com\github\andrewoma\dexx\dexx-collections\0.2\dexx-collections-0.2.jar;D:\java\maven\localRepository\com\netflix\eureka\eureka-core\1.9.2\eureka-core-1.9.2.jar;D:\java\maven\localRepository\org\codehaus\woodstox\woodstox-core-asl\4.4.1\woodstox-core-asl-4.4.1.jar;D:\java\maven\localRepository\javax\xml\stream\stax-api\1.0-2\stax-api-1.0-2.jar;D:\java\maven\localRepository\org\codehaus\woodstox\stax2-api\3.1.4\stax2-api-3.1.4.jar;D:\java\maven\localRepository\org\springframework\cloud\spring-cloud-starter-netflix-archaius\2.0.0.RELEASE\spring-cloud-starter-netflix-archaius-2.0.0.RELEASE.jar;D:\java\maven\localRepository\org\springframework\cloud\spring-cloud-netflix-ribbon\2.0.0.RELEASE\spring-cloud-netflix-ribbon-2.0.0.RELEASE.jar;D:\java\maven\localRepository\org\springframework\cloud\spring-cloud-netflix-archaius\2.0.0.RELEASE\spring-cloud-netflix-archaius-2.0.0.RELEASE.jar;D:\java\maven\localRepository\commons-configuration\commons-configuration\1.8\commons-configuration-1.8.jar;D:\java\maven\localRepository\org\springframework\cloud\spring-cloud-starter-netflix-ribbon\2.0.0.RELEASE\spring-cloud-starter-netflix-ribbon-2.0.0.RELEASE.jar;D:\java\maven\localRepository\com\netflix\ribbon\ribbon\2.2.5\ribbon-2.2.5.jar;D:\java\maven\localRepository\com\netflix\ribbon\ribbon-transport\2.2.5\ribbon-transport-2.2.5.jar;D:\java\maven\localRepository\io\reactivex\rxnetty-contexts\0.4.9\rxnetty-contexts-0.4.9.jar;D:\java\maven\localRepository\io\reactivex\rxnetty-servo\0.4.9\rxnetty-servo-0.4.9.jar;D:\java\maven\localRepository\io\reactivex\rxnetty\0.4.9\rxnetty-0.4.9.jar;D:\java\maven\localRepository\io\netty\netty-codec-http\4.1.25.Final\netty-codec-http-4.1.25.Final.jar;D:\java\maven\localRepository\io\netty\netty-transport-native-epoll\4.1.25.Final\netty-transport-native-epoll-4.1.25.Final.jar;D:\java\maven\localRepository\io\netty\netty-transport-native-unix-common\4.1.25.Final\netty-transport-native-unix-common-4.1.25.Final.jar;D:\java\maven\localRepository\com\netflix\ribbon\ribbon-core\2.2.5\ribbon-core-2.2.5.jar;D:\java\maven\localRepository\com\netflix\ribbon\ribbon-httpclient\2.2.5\ribbon-httpclient-2.2.5.jar;D:\java\maven\localRepository\com\netflix\netflix-commons\netflix-commons-util\0.1.1\netflix-commons-util-0.1.1.jar;D:\java\maven\localRepository\com\netflix\ribbon\ribbon-loadbalancer\2.2.5\ribbon-loadbalancer-2.2.5.jar;D:\java\maven\localRepository\com\netflix\netflix-commons\netflix-statistics\0.1.1\netflix-statistics-0.1.1.jar;D:\java\maven\localRepository\io\reactivex\rxjava\1.3.8\rxjava-1.3.8.jar;D:\java\maven\localRepository\com\netflix\ribbon\ribbon-eureka\2.2.5\ribbon-eureka-2.2.5.jar;D:\java\maven\localRepository\org\springframework\cloud\spring-cloud-starter-openfeign\2.0.0.RELEASE\spring-cloud-starter-openfeign-2.0.0.RELEASE.jar;D:\java\maven\localRepository\org\springframework\cloud\spring-cloud-openfeign-core\2.0.0.RELEASE\spring-cloud-openfeign-core-2.0.0.RELEASE.jar;D:\java\maven\localRepository\org\springframework\cloud\spring-cloud-commons\2.0.0.RELEASE\spring-cloud-commons-2.0.0.RELEASE.jar;D:\java\maven\localRepository\org\springframework\security\spring-security-crypto\5.0.6.RELEASE\spring-security-crypto-5.0.6.RELEASE.jar;D:\java\maven\localRepository\io\github\openfeign\feign-core\9.5.1\feign-core-9.5.1.jar;D:\java\maven\localRepository\io\github\openfeign\feign-slf4j\9.5.1\feign-slf4j-9.5.1.jar;D:\java\maven\localRepository\io\github\openfeign\feign-hystrix\9.5.1\feign-hystrix-9.5.1.jar;D:\java\maven\localRepository\com\netflix\hystrix\hystrix-core\1.4.26\hystrix-core-1.4.26.jar;D:\java\maven\localRepository\io\github\openfeign\feign-java8\9.5.1\feign-java8-9.5.1.jar;D:\java\maven\localRepository\org\springframework\session\spring-session-data-redis\2.0.4.RELEASE\spring-session-data-redis-2.0.4.RELEASE.jar;D:\java\maven\localRepository\org\springframework\session\spring-session-core\2.0.4.RELEASE\spring-session-core-2.0.4.RELEASE.jar;D:\java\maven\localRepository\com\thoughtworks\xstream\xstream\1.4.10\xstream-1.4.10.jar;D:\java\maven\localRepository\xmlpull\xmlpull\1.1.3.1\xmlpull-1.1.3.1.jar;D:\java\maven\localRepository\xpp3\xpp3_min\1.1.4c\xpp3_min-1.1.4c.jar;D:\java\maven\localRepository\com\qmx\platform-core-facade\0.3.0-SNAPSHOT\platform-core-facade-0.3.0-SNAPSHOT.jar;, java.specification.name=Java Platform API Specification, java.class.version=52.0, sun.management.compiler=HotSpot 64-Bit Tiered Compilers, os.version=6.1, user.home=C:\Users\zzz, user.timezone=Asia/Shanghai, java.awt.printerjob=sun.awt.windows.WPrinterJob, file.encoding=GBK, java.specification.version=1.8, java.class.path=D:\SVN\platform-module-member\platform-member-facade\target\test-classes;D:\SVN\platform-module-member\platform-member-facade\target\classes;D:\java\maven\localRepository\org\springframework\boot\spring-boot-starter\2.0.3.RELEASE\spring-boot-starter-2.0.3.RELEASE.jar;D:\java\maven\localRepository\org\springframework\boot\spring-boot\2.0.3.RELEASE\spring-boot-2.0.3.RELEASE.jar;D:\java\maven\localRepository\org\springframework\spring-context\5.0.7.RELEASE\spring-context-5.0.7.RELEASE.jar;D:\java\maven\localRepository\org\springframework\spring-beans\5.0.7.RELEASE\spring-beans-5.0.7.RELEASE.jar;D:\java\maven\localRepository\org\springframework\spring-expression\5.0.7.RELEASE\spring-expression-5.0.7.RELEASE.jar;D:\java\maven\localRepository\org\springframework\boot\spring-boot-autoconfigure\2.0.3.RELEASE\spring-boot-autoconfigure-2.0.3.RELEASE.jar;D:\java\maven\localRepository\org\springframework\boot\spring-boot-starter-logging\2.0.3.RELEASE\spring-boot-starter-logging-2.0.3.RELEASE.jar;D:\java\maven\localRepository\ch\qos\logback\logback-classic\1.2.3\logback-classic-1.2.3.jar;D:\java\maven\localRepository\ch\qos\logback\logback-core\1.2.3\logback-core-1.2.3.jar;D:\java\maven\localRepository\org\apache\logging\log4j\log4j-to-slf4j\2.10.0\log4j-to-slf4j-2.10.0.jar;D:\java\maven\localRepository\org\apache\logging\log4j\log4j-api\2.10.0\log4j-api-2.10.0.jar;D:\java\maven\localRepository\org\slf4j\jul-to-slf4j\1.7.25\jul-to-slf4j-1.7.25.jar;D:\java\maven\localRepository\javax\annotation\javax.annotation-api\1.3.2\javax.annotation-api-1.3.2.jar;D:\java\maven\localRepository\org\springframework\spring-core\5.0.7.RELEASE\spring-core-5.0.7.RELEASE.jar;D:\java\maven\localRepository\org\springframework\spring-jcl\5.0.7.RELEASE\spring-jcl-5.0.7.RELEASE.jar;D:\java\maven\localRepository\org\yaml\snakeyaml\1.19\snakeyaml-1.19.jar;D:\java\maven\localRepository\org\springframework\boot\spring-boot-starter-test\2.0.3.RELEASE\spring-boot-starter-test-2.0.3.RELEASE.jar;D:\java\maven\localRepository\org\springframework\boot\spring-boot-test\2.0.3.RELEASE\spring-boot-test-2.0.3.RELEASE.jar;D:\java\maven\localRepository\org\springframework\boot\spring-boot-test-autoconfigure\2.0.3.RELEASE\spring-boot-test-autoconfigure-2.0.3.RELEASE.jar;D:\java\maven\localRepository\com\jayway\jsonpath\json-path\2.4.0\json-path-2.4.0.jar;D:\java\maven\localRepository\net\minidev\json-smart\2.3\json-smart-2.3.jar;D:\java\maven\localRepository\net\minidev\accessors-smart\1.2\accessors-smart-1.2.jar;D:\java\maven\localRepository\org\slf4j\slf4j-api\1.7.25\slf4j-api-1.7.25.jar;D:\java\maven\localRepository\junit\junit\4.12\junit-4.12.jar;D:\java\maven\localRepository\org\assertj\assertj-core\3.9.1\assertj-core-3.9.1.jar;D:\java\maven\localRepository\org\mockito\mockito-core\2.15.0\mockito-core-2.15.0.jar;D:\java\maven\localRepository\net\bytebuddy\byte-buddy\1.7.11\byte-buddy-1.7.11.jar;D:\java\maven\localRepository\net\bytebuddy\byte-buddy-agent\1.7.11\byte-buddy-agent-1.7.11.jar;D:\java\maven\localRepository\org\objenesis\objenesis\2.6\objenesis-2.6.jar;D:\java\maven\localRepository\org\hamcrest\hamcrest-core\1.3\hamcrest-core-1.3.jar;D:\java\maven\localRepository\org\hamcrest\hamcrest-library\1.3\hamcrest-library-1.3.jar;D:\java\maven\localRepository\org\skyscreamer\jsonassert\1.5.0\jsonassert-1.5.0.jar;D:\java\maven\localRepository\com\vaadin\external\google\android-json\0.0.20131108.vaadin1\android-json-0.0.20131108.vaadin1.jar;D:\java\maven\localRepository\org\springframework\spring-test\5.0.7.RELEASE\spring-test-5.0.7.RELEASE.jar;D:\java\maven\localRepository\org\xmlunit\xmlunit-core\2.5.1\xmlunit-core-2.5.1.jar;D:\java\maven\localRepository\com\qmx\platform-base-core\0.3.0-SNAPSHOT\platform-base-core-0.3.0-SNAPSHOT.jar;D:\java\maven\localRepository\org\springframework\boot\spring-boot-starter-web\2.0.3.RELEASE\spring-boot-starter-web-2.0.3.RELEASE.jar;D:\java\maven\localRepository\org\springframework\boot\spring-boot-starter-json\2.0.3.RELEASE\spring-boot-starter-json-2.0.3.RELEASE.jar;D:\java\maven\localRepository\com\fasterxml\jackson\datatype\jackson-datatype-jdk8\2.9.6\jackson-datatype-jdk8-2.9.6.jar;D:\java\maven\localRepository\com\fasterxml\jackson\datatype\jackson-datatype-jsr310\2.9.6\jackson-datatype-jsr310-2.9.6.jar;D:\java\maven\localRepository\com\fasterxml\jackson\module\jackson-module-parameter-names\2.9.6\jackson-module-parameter-names-2.9.6.jar;D:\java\maven\localRepository\org\springframework\boot\spring-boot-starter-tomcat\2.0.3.RELEASE\spring-boot-starter-tomcat-2.0.3.RELEASE.jar;D:\java\maven\localRepository\org\apache\tomcat\embed\tomcat-embed-core\8.5.31\tomcat-embed-core-8.5.31.jar;D:\java\maven\localRepository\org\apache\tomcat\embed\tomcat-embed-websocket\8.5.31\tomcat-embed-websocket-8.5.31.jar;D:\java\maven\localRepository\org\hibernate\validator\hibernate-validator\6.0.10.Final\hibernate-validator-6.0.10.Final.jar;D:\java\maven\localRepository\javax\validation\validation-api\2.0.1.Final\validation-api-2.0.1.Final.jar;D:\java\maven\localRepository\org\jboss\logging\jboss-logging\3.3.2.Final\jboss-logging-3.3.2.Final.jar;D:\java\maven\localRepository\com\fasterxml\classmate\1.3.4\classmate-1.3.4.jar;D:\java\maven\localRepository\org\springframework\spring-web\5.0.7.RELEASE\spring-web-5.0.7.RELEASE.jar;D:\java\maven\localRepository\org\springframework\spring-webmvc\5.0.7.RELEASE\spring-webmvc-5.0.7.RELEASE.jar;D:\java\maven\localRepository\io\lettuce\lettuce-core\5.0.4.RELEASE\lettuce-core-5.0.4.RELEASE.jar;D:\java\maven\localRepository\io\projectreactor\reactor-core\3.1.8.RELEASE\reactor-core-3.1.8.RELEASE.jar;D:\java\maven\localRepository\org\reactivestreams\reactive-streams\1.0.2\reactive-streams-1.0.2.jar;D:\java\maven\localRepository\io\netty\netty-common\4.1.25.Final\netty-common-4.1.25.Final.jar;D:\java\maven\localRepository\io\netty\netty-transport\4.1.25.Final\netty-transport-4.1.25.Final.jar;D:\java\maven\localRepository\io\netty\netty-buffer\4.1.25.Final\netty-buffer-4.1.25.Final.jar;D:\java\maven\localRepository\io\netty\netty-resolver\4.1.25.Final\netty-resolver-4.1.25.Final.jar;D:\java\maven\localRepository\io\netty\netty-handler\4.1.25.Final\netty-handler-4.1.25.Final.jar;D:\java\maven\localRepository\io\netty\netty-codec\4.1.25.Final\netty-codec-4.1.25.Final.jar;D:\java\maven\localRepository\commons-lang\commons-lang\2.6\commons-lang-2.6.jar;D:\java\maven\localRepository\commons-io\commons-io\2.6\commons-io-2.6.jar;D:\java\maven\localRepository\org\apache\httpcomponents\httpclient\4.5.5\httpclient-4.5.5.jar;D:\java\maven\localRepository\org\apache\httpcomponents\httpcore\4.4.9\httpcore-4.4.9.jar;D:\java\maven\localRepository\org\apache\httpcomponents\httpmime\4.5.5\httpmime-4.5.5.jar;D:\java\maven\localRepository\commons-beanutils\commons-beanutils\1.9.3\commons-beanutils-1.9.3.jar;D:\java\maven\localRepository\commons-logging\commons-logging\1.2\commons-logging-1.2.jar;D:\java\maven\localRepository\commons-collections\commons-collections\3.2.2\commons-collections-3.2.2.jar;D:\java\maven\localRepository\org\springframework\boot\spring-boot-starter-aop\2.0.3.RELEASE\spring-boot-starter-aop-2.0.3.RELEASE.jar;D:\java\maven\localRepository\org\springframework\spring-aop\5.0.7.RELEASE\spring-aop-5.0.7.RELEASE.jar;D:\java\maven\localRepository\org\aspectj\aspectjweaver\1.8.13\aspectjweaver-1.8.13.jar;D:\java\maven\localRepository\org\springframework\boot\spring-boot-starter-validation\2.0.3.RELEASE\spring-boot-starter-validation-2.0.3.RELEASE.jar;D:\java\maven\localRepository\org\apache\tomcat\embed\tomcat-embed-el\8.5.31\tomcat-embed-el-8.5.31.jar;D:\java\maven\localRepository\org\springframework\boot\spring-boot-starter-data-redis\2.0.3.RELEASE\spring-boot-starter-data-redis-2.0.3.RELEASE.jar;D:\java\maven\localRepository\org\springframework\data\spring-data-redis\2.0.8.RELEASE\spring-data-redis-2.0.8.RELEASE.jar;D:\java\maven\localRepository\org\springframework\data\spring-data-keyvalue\2.0.8.RELEASE\spring-data-keyvalue-2.0.8.RELEASE.jar;D:\java\maven\localRepository\org\springframework\data\spring-data-commons\2.0.8.RELEASE\spring-data-commons-2.0.8.RELEASE.jar;D:\java\maven\localRepository\org\springframework\spring-tx\5.0.7.RELEASE\spring-tx-5.0.7.RELEASE.jar;D:\java\maven\localRepository\org\springframework\spring-oxm\5.0.7.RELEASE\spring-oxm-5.0.7.RELEASE.jar;D:\java\maven\localRepository\com\octo\captcha\jcaptcha\1.0\jcaptcha-1.0.jar;D:\java\maven\localRepository\com\octo\captcha\jcaptcha-api\1.0\jcaptcha-api-1.0.jar;D:\java\maven\localRepository\com\jhlabs\imaging\01012005\imaging-01012005.jar;D:\java\maven\localRepository\com\google\zxing\core\3.2.0\core-3.2.0.jar;D:\java\maven\localRepository\commons-codec\commons-codec\1.11\commons-codec-1.11.jar;D:\java\maven\localRepository\com\esotericsoftware\reflectasm\1.11.3\reflectasm-1.11.3.jar;D:\java\maven\localRepository\org\ow2\asm\asm\5.0.4\asm-5.0.4.jar;D:\java\maven\localRepository\org\dom4j\dom4j\2.0.0\dom4j-2.0.0.jar;D:\java\maven\localRepository\jaxen\jaxen\1.1.6\jaxen-1.1.6.jar;D:\java\maven\localRepository\com\belerweb\pinyin4j\2.5.1\pinyin4j-2.5.1.jar;D:\java\maven\localRepository\org\apache\poi\poi-ooxml\3.9\poi-ooxml-3.9.jar;D:\java\maven\localRepository\org\apache\poi\poi\3.9\poi-3.9.jar;D:\java\maven\localRepository\org\apache\poi\poi-ooxml-schemas\3.9\poi-ooxml-schemas-3.9.jar;D:\java\maven\localRepository\org\apache\xmlbeans\xmlbeans\2.3.0\xmlbeans-2.3.0.jar;D:\java\maven\localRepository\stax\stax-api\1.0.1\stax-api-1.0.1.jar;D:\java\maven\localRepository\dom4j\dom4j\1.6.1\dom4j-1.6.1.jar;D:\java\maven\localRepository\xml-apis\xml-apis\1.4.01\xml-apis-1.4.01.jar;D:\java\maven\localRepository\cz\mallat\uasparser\uasparser\0.6.2\uasparser-0.6.2.jar;D:\java\maven\localRepository\net\sourceforge\jregex\jregex\1.2_01\jregex-1.2_01.jar;D:\java\maven\localRepository\com\aliyun\oss\aliyun-sdk-oss\2.8.2\aliyun-sdk-oss-2.8.2.jar;D:\java\maven\localRepository\org\jdom\jdom\1.1\jdom-1.1.jar;D:\java\maven\localRepository\net\sf\json-lib\json-lib\2.4\json-lib-2.4-jdk15.jar;D:\java\maven\localRepository\net\sf\ezmorph\ezmorph\1.0.6\ezmorph-1.0.6.jar;D:\java\maven\localRepository\org\springframework\boot\spring-boot-starter-freemarker\2.0.3.RELEASE\spring-boot-starter-freemarker-2.0.3.RELEASE.jar;D:\java\maven\localRepository\org\freemarker\freemarker\2.3.28\freemarker-2.3.28.jar;D:\java\maven\localRepository\org\springframework\spring-context-support\5.0.7.RELEASE\spring-context-support-5.0.7.RELEASE.jar;D:\java\maven\localRepository\org\apache\shiro\shiro-spring\1.3.2\shiro-spring-1.3.2.jar;D:\java\maven\localRepository\org\apache\shiro\shiro-core\1.3.2\shiro-core-1.3.2.jar;D:\java\maven\localRepository\org\apache\shiro\shiro-web\1.3.2\shiro-web-1.3.2.jar;D:\java\maven\localRepository\org\springframework\boot\spring-boot-starter-jdbc\2.0.3.RELEASE\spring-boot-starter-jdbc-2.0.3.RELEASE.jar;D:\java\maven\localRepository\com\zaxxer\HikariCP\2.7.9\HikariCP-2.7.9.jar;D:\java\maven\localRepository\org\springframework\spring-jdbc\5.0.7.RELEASE\spring-jdbc-5.0.7.RELEASE.jar;D:\java\maven\localRepository\com\alibaba\druid\1.0.28\druid-1.0.28.jar;C:\Program Files\Java\jdk1.8.0_60\jre\..\lib\jconsole.jar;C:\Program Files\Java\jdk1.8.0_60\jre\..\lib\tools.jar;D:\java\maven\localRepository\mysql\mysql-connector-java\5.1.46\mysql-connector-java-5.1.46.jar;D:\java\maven\localRepository\com\qmx\platform-base-api\0.3.0-SNAPSHOT\platform-base-api-0.3.0-SNAPSHOT.jar;D:\java\maven\localRepository\com\alibaba\fastjson\1.2.38\fastjson-1.2.38.jar;D:\java\maven\localRepository\com\baomidou\mybatis-plus-boot-starter\2.3\mybatis-plus-boot-starter-2.3.jar;D:\java\maven\localRepository\com\baomidou\mybatis-plus\2.3\mybatis-plus-2.3.jar;D:\java\maven\localRepository\com\baomidou\mybatis-plus-support\2.3\mybatis-plus-support-2.3.jar;D:\java\maven\localRepository\com\baomidou\mybatis-plus-core\2.3\mybatis-plus-core-2.3.jar;D:\java\maven\localRepository\com\github\jsqlparser\jsqlparser\1.1\jsqlparser-1.1.jar;D:\java\maven\localRepository\org\mybatis\mybatis-spring\1.3.2\mybatis-spring-1.3.2.jar;D:\java\maven\localRepository\org\mybatis\mybatis\3.4.6\mybatis-3.4.6.jar;D:\java\maven\localRepository\com\baomidou\mybatis-plus-generate\2.3\mybatis-plus-generate-2.3.jar;D:\java\maven\localRepository\io\springfox\springfox-swagger2\2.7.0\springfox-swagger2-2.7.0.jar;D:\java\maven\localRepository\io\swagger\swagger-annotations\1.5.13\swagger-annotations-1.5.13.jar;D:\java\maven\localRepository\io\swagger\swagger-models\1.5.13\swagger-models-1.5.13.jar;D:\java\maven\localRepository\io\springfox\springfox-spi\2.7.0\springfox-spi-2.7.0.jar;D:\java\maven\localRepository\io\springfox\springfox-core\2.7.0\springfox-core-2.7.0.jar;D:\java\maven\localRepository\io\springfox\springfox-schema\2.7.0\springfox-schema-2.7.0.jar;D:\java\maven\localRepository\io\springfox\springfox-swagger-common\2.7.0\springfox-swagger-common-2.7.0.jar;D:\java\maven\localRepository\io\springfox\springfox-spring-web\2.7.0\springfox-spring-web-2.7.0.jar;D:\java\maven\localRepository\org\reflections\reflections\0.9.11\reflections-0.9.11.jar;D:\java\maven\localRepository\org\javassist\javassist\3.21.0-GA\javassist-3.21.0-GA.jar;D:\java\maven\localRepository\com\google\guava\guava\18.0\guava-18.0.jar;D:\java\maven\localRepository\org\springframework\plugin\spring-plugin-core\1.2.0.RELEASE\spring-plugin-core-1.2.0.RELEASE.jar;D:\java\maven\localRepository\org\springframework\plugin\spring-plugin-metadata\1.2.0.RELEASE\spring-plugin-metadata-1.2.0.RELEASE.jar;D:\java\maven\localRepository\org\mapstruct\mapstruct\1.1.0.Final\mapstruct-1.1.0.Final.jar;D:\java\maven\localRepository\io\springfox\springfox-swagger-ui\2.7.0\springfox-swagger-ui-2.7.0.jar;D:\java\maven\localRepository\com\github\xiaoymin\swagger-bootstrap-ui\1.6\swagger-bootstrap-ui-1.6.jar;D:\java\maven\localRepository\com\aliyun\openservices\ons-client\1.6.0.Final\ons-client-1.6.0.Final.jar;D:\java\maven\localRepository\org\springframework\boot\spring-boot-starter-actuator\2.0.3.RELEASE\spring-boot-starter-actuator-2.0.3.RELEASE.jar;D:\java\maven\localRepository\org\springframework\boot\spring-boot-actuator-autoconfigure\2.0.3.RELEASE\spring-boot-actuator-autoconfigure-2.0.3.RELEASE.jar;D:\java\maven\localRepository\org\springframework\boot\spring-boot-actuator\2.0.3.RELEASE\spring-boot-actuator-2.0.3.RELEASE.jar;D:\java\maven\localRepository\io\micrometer\micrometer-core\1.0.5\micrometer-core-1.0.5.jar;D:\java\maven\localRepository\org\hdrhistogram\HdrHistogram\2.1.10\HdrHistogram-2.1.10.jar;D:\java\maven\localRepository\org\latencyutils\LatencyUtils\2.0.3\LatencyUtils-2.0.3.jar;D:\java\maven\localRepository\org\springframework\cloud\spring-cloud-starter-config\2.0.0.RELEASE\spring-cloud-starter-config-2.0.0.RELEASE.jar;D:\java\maven\localRepository\org\springframework\cloud\spring-cloud-starter\2.0.0.RELEASE\spring-cloud-starter-2.0.0.RELEASE.jar;D:\java\maven\localRepository\org\springframework\cloud\spring-cloud-context\2.0.0.RELEASE\spring-cloud-context-2.0.0.RELEASE.jar;D:\java\maven\localRepository\org\springframework\security\spring-security-rsa\1.0.5.RELEASE\spring-security-rsa-1.0.5.RELEASE.jar;D:\java\maven\localRepository\org\bouncycastle\bcpkix-jdk15on\1.56\bcpkix-jdk15on-1.56.jar;D:\java\maven\localRepository\org\bouncycastle\bcprov-jdk15on\1.56\bcprov-jdk15on-1.56.jar;D:\java\maven\localRepository\org\springframework\cloud\spring-cloud-config-client\2.0.0.RELEASE\spring-cloud-config-client-2.0.0.RELEASE.jar;D:\java\maven\localRepository\com\fasterxml\jackson\core\jackson-annotations\2.9.0\jackson-annotations-2.9.0.jar;D:\java\maven\localRepository\com\fasterxml\jackson\core\jackson-databind\2.9.6\jackson-databind-2.9.6.jar;D:\java\maven\localRepository\com\fasterxml\jackson\core\jackson-core\2.9.6\jackson-core-2.9.6.jar;D:\java\maven\localRepository\org\springframework\cloud\spring-cloud-starter-netflix-eureka-client\2.0.0.RELEASE\spring-cloud-starter-netflix-eureka-client-2.0.0.RELEASE.jar;D:\java\maven\localRepository\org\springframework\cloud\spring-cloud-netflix-core\2.0.0.RELEASE\spring-cloud-netflix-core-2.0.0.RELEASE.jar;D:\java\maven\localRepository\org\springframework\cloud\spring-cloud-netflix-eureka-client\2.0.0.RELEASE\spring-cloud-netflix-eureka-client-2.0.0.RELEASE.jar;D:\java\maven\localRepository\com\netflix\eureka\eureka-client\1.9.2\eureka-client-1.9.2.jar;D:\java\maven\localRepository\org\codehaus\jettison\jettison\1.3.7\jettison-1.3.7.jar;D:\java\maven\localRepository\com\netflix\netflix-commons\netflix-eventbus\0.3.0\netflix-eventbus-0.3.0.jar;D:\java\maven\localRepository\com\netflix\netflix-commons\netflix-infix\0.3.0\netflix-infix-0.3.0.jar;D:\java\maven\localRepository\commons-jxpath\commons-jxpath\1.3\commons-jxpath-1.3.jar;D:\java\maven\localRepository\joda-time\joda-time\2.9.9\joda-time-2.9.9.jar;D:\java\maven\localRepository\org\antlr\antlr-runtime\3.4\antlr-runtime-3.4.jar;D:\java\maven\localRepository\org\antlr\stringtemplate\3.2.1\stringtemplate-3.2.1.jar;D:\java\maven\localRepository\antlr\antlr\2.7.7\antlr-2.7.7.jar;D:\java\maven\localRepository\com\google\code\gson\gson\2.8.5\gson-2.8.5.jar;D:\java\maven\localRepository\org\apache\commons\commons-math\2.2\commons-math-2.2.jar;D:\java\maven\localRepository\com\netflix\archaius\archaius-core\0.7.6\archaius-core-0.7.6.jar;D:\java\maven\localRepository\javax\ws\rs\jsr311-api\1.1.1\jsr311-api-1.1.1.jar;D:\java\maven\localRepository\com\netflix\servo\servo-core\0.12.21\servo-core-0.12.21.jar;D:\java\maven\localRepository\com\sun\jersey\jersey-core\1.19.1\jersey-core-1.19.1.jar;D:\java\maven\localRepository\com\sun\jersey\jersey-client\1.19.1\jersey-client-1.19.1.jar;D:\java\maven\localRepository\com\sun\jersey\contribs\jersey-apache-client4\1.19.1\jersey-apache-client4-1.19.1.jar;D:\java\maven\localRepository\com\google\inject\guice\4.1.0\guice-4.1.0.jar;D:\java\maven\localRepository\javax\inject\javax.inject\1\javax.inject-1.jar;D:\java\maven\localRepository\aopalliance\aopalliance\1.0\aopalliance-1.0.jar;D:\java\maven\localRepository\com\github\vlsi\compactmap\compactmap\1.2.1\compactmap-1.2.1.jar;D:\java\maven\localRepository\com\github\andrewoma\dexx\dexx-collections\0.2\dexx-collections-0.2.jar;D:\java\maven\localRepository\com\netflix\eureka\eureka-core\1.9.2\eureka-core-1.9.2.jar;D:\java\maven\localRepository\org\codehaus\woodstox\woodstox-core-asl\4.4.1\woodstox-core-asl-4.4.1.jar;D:\java\maven\localRepository\javax\xml\stream\stax-api\1.0-2\stax-api-1.0-2.jar;D:\java\maven\localRepository\org\codehaus\woodstox\stax2-api\3.1.4\stax2-api-3.1.4.jar;D:\java\maven\localRepository\org\springframework\cloud\spring-cloud-starter-netflix-archaius\2.0.0.RELEASE\spring-cloud-starter-netflix-archaius-2.0.0.RELEASE.jar;D:\java\maven\localRepository\org\springframework\cloud\spring-cloud-netflix-ribbon\2.0.0.RELEASE\spring-cloud-netflix-ribbon-2.0.0.RELEASE.jar;D:\java\maven\localRepository\org\springframework\cloud\spring-cloud-netflix-archaius\2.0.0.RELEASE\spring-cloud-netflix-archaius-2.0.0.RELEASE.jar;D:\java\maven\localRepository\commons-configuration\commons-configuration\1.8\commons-configuration-1.8.jar;D:\java\maven\localRepository\org\springframework\cloud\spring-cloud-starter-netflix-ribbon\2.0.0.RELEASE\spring-cloud-starter-netflix-ribbon-2.0.0.RELEASE.jar;D:\java\maven\localRepository\com\netflix\ribbon\ribbon\2.2.5\ribbon-2.2.5.jar;D:\java\maven\localRepository\com\netflix\ribbon\ribbon-transport\2.2.5\ribbon-transport-2.2.5.jar;D:\java\maven\localRepository\io\reactivex\rxnetty-contexts\0.4.9\rxnetty-contexts-0.4.9.jar;D:\java\maven\localRepository\io\reactivex\rxnetty-servo\0.4.9\rxnetty-servo-0.4.9.jar;D:\java\maven\localRepository\io\reactivex\rxnetty\0.4.9\rxnetty-0.4.9.jar;D:\java\maven\localRepository\io\netty\netty-codec-http\4.1.25.Final\netty-codec-http-4.1.25.Final.jar;D:\java\maven\localRepository\io\netty\netty-transport-native-epoll\4.1.25.Final\netty-transport-native-epoll-4.1.25.Final.jar;D:\java\maven\localRepository\io\netty\netty-transport-native-unix-common\4.1.25.Final\netty-transport-native-unix-common-4.1.25.Final.jar;D:\java\maven\localRepository\com\netflix\ribbon\ribbon-core\2.2.5\ribbon-core-2.2.5.jar;D:\java\maven\localRepository\com\netflix\ribbon\ribbon-httpclient\2.2.5\ribbon-httpclient-2.2.5.jar;D:\java\maven\localRepository\com\netflix\netflix-commons\netflix-commons-util\0.1.1\netflix-commons-util-0.1.1.jar;D:\java\maven\localRepository\com\netflix\ribbon\ribbon-loadbalancer\2.2.5\ribbon-loadbalancer-2.2.5.jar;D:\java\maven\localRepository\com\netflix\netflix-commons\netflix-statistics\0.1.1\netflix-statistics-0.1.1.jar;D:\java\maven\localRepository\io\reactivex\rxjava\1.3.8\rxjava-1.3.8.jar;D:\java\maven\localRepository\com\netflix\ribbon\ribbon-eureka\2.2.5\ribbon-eureka-2.2.5.jar;D:\java\maven\localRepository\org\springframework\cloud\spring-cloud-starter-openfeign\2.0.0.RELEASE\spring-cloud-starter-openfeign-2.0.0.RELEASE.jar;D:\java\maven\localRepository\org\springframework\cloud\spring-cloud-openfeign-core\2.0.0.RELEASE\spring-cloud-openfeign-core-2.0.0.RELEASE.jar;D:\java\maven\localRepository\org\springframework\cloud\spring-cloud-commons\2.0.0.RELEASE\spring-cloud-commons-2.0.0.RELEASE.jar;D:\java\maven\localRepository\org\springframework\security\spring-security-crypto\5.0.6.RELEASE\spring-security-crypto-5.0.6.RELEASE.jar;D:\java\maven\localRepository\io\github\openfeign\feign-core\9.5.1\feign-core-9.5.1.jar;D:\java\maven\localRepository\io\github\openfeign\feign-slf4j\9.5.1\feign-slf4j-9.5.1.jar;D:\java\maven\localRepository\io\github\openfeign\feign-hystrix\9.5.1\feign-hystrix-9.5.1.jar;D:\java\maven\localRepository\com\netflix\hystrix\hystrix-core\1.4.26\hystrix-core-1.4.26.jar;D:\java\maven\localRepository\io\github\openfeign\feign-java8\9.5.1\feign-java8-9.5.1.jar;D:\java\maven\localRepository\org\springframework\session\spring-session-data-redis\2.0.4.RELEASE\spring-session-data-redis-2.0.4.RELEASE.jar;D:\java\maven\localRepository\org\springframework\session\spring-session-core\2.0.4.RELEASE\spring-session-core-2.0.4.RELEASE.jar;D:\java\maven\localRepository\com\thoughtworks\xstream\xstream\1.4.10\xstream-1.4.10.jar;D:\java\maven\localRepository\xmlpull\xmlpull\1.1.3.1\xmlpull-1.1.3.1.jar;D:\java\maven\localRepository\xpp3\xpp3_min\1.1.4c\xpp3_min-1.1.4c.jar;D:\java\maven\localRepository\com\qmx\platform-core-facade\0.3.0-SNAPSHOT\platform-core-facade-0.3.0-SNAPSHOT.jar;, user.name=zzz, java.vm.specification.version=1.8, sun.java.command=C:\Users\zzz\AppData\Local\Temp\surefire9080342667615602120\surefirebooter2734469701904749001.jar C:\Users\zzz\AppData\Local\Temp\surefire9080342667615602120 2018-10-08T15-17-47_120-jvmRun1 surefire8367706244010263417tmp surefire_05847390443750998724tmp, java.home=C:\Program Files\Java\jdk1.8.0_60\jre, sun.arch.data.model=64, user.language=zh, java.specification.vendor=Oracle Corporation, awt.toolkit=sun.awt.windows.WToolkit, java.vm.info=mixed mode, java.version=1.8.0_60, java.ext.dirs=C:\Program Files\Java\jdk1.8.0_60\jre\lib\ext;C:\Windows\Sun\Java\lib\ext, sun.boot.class.path=C:\Program Files\Java\jdk1.8.0_60\jre\lib\resources.jar;C:\Program Files\Java\jdk1.8.0_60\jre\lib\rt.jar;C:\Program Files\Java\jdk1.8.0_60\jre\lib\sunrsasign.jar;C:\Program Files\Java\jdk1.8.0_60\jre\lib\jsse.jar;C:\Program Files\Java\jdk1.8.0_60\jre\lib\jce.jar;C:\Program Files\Java\jdk1.8.0_60\jre\lib\charsets.jar;C:\Program Files\Java\jdk1.8.0_60\jre\lib\jfr.jar;C:\Program Files\Java\jdk1.8.0_60\jre\classes, java.vendor=Oracle Corporation, localRepository=D:\java\maven\localRepository, file.separator=\, java.vendor.url.bug=http://bugreport.sun.com/bugreport/, sun.io.unicode.encoding=UnicodeLittle, sun.cpu.endian=little, sun.desktop=windows, sun.cpu.isalist=amd64}}, SystemEnvironmentPropertySource@898557489 {name='systemEnvironment', properties={PATH=C:\ProgramData\Oracle\Java\javapath;C:\Windows\system32;C:\Windows;C:\Windows\System32\Wbem;C:\Windows\System32\WindowsPowerShell\v1.0\;C:\Program Files\Intel\WiFi\bin\;C:\Program Files\Common Files\Intel\WirelessCommon\;C:\Program Files\TortoiseSVN\bin;C:\Program Files\Java\jdk1.8.0_60\bin;D:\java\maven\apache-maven-3.5.3\bin;d:\Program Files\Git\cmd;C:\Program Files\Intel\WiFi\bin\;C:\Program Files\Common Files\Intel\WirelessCommon\, LOCALAPPDATA=C:\Users\zzz\AppData\Local, PROCESSOR_LEVEL=6, SYSTEMDRIVE=C:, COMMONPROGRAMFILES(X86)=C:\Program Files (x86)\Common Files, FP_NO_HOST_CHECK=NO, USERDOMAIN=zzz-PC, LOGONSERVER=\\ZZZ-PC, JAVA_HOME=C:\Program Files\Java\jdk1.8.0_60, PROMPT=$P$G, SESSIONNAME=Console, ALLUSERSPROFILE=C:\ProgramData, PROGRAMFILES(X86)=C:\Program Files (x86), PROCESSOR_ARCHITECTURE=AMD64, MAVEN_HOME=D:\java\maven\apache-maven-3.5.3, PROGRAMFILES=C:\Program Files, WINDOWS_TRACING_FLAGS=3, APPDATA=C:\Users\zzz\AppData\Roaming, PSMODULEPATH=C:\Windows\system32\WindowsPowerShell\v1.0\Modules\, PROGRAMW6432=C:\Program Files, PROGRAMDATA=C:\ProgramData, SYSTEMROOT=C:\Windows, USERNAME=zzz, PATHEXT=.COM;.EXE;.BAT;.CMD;.VBS;.VBE;.JS;.JSE;.WSF;.WSH;.MSC, OS=Windows_NT, COMMONPROGRAMW6432=C:\Program Files\Common Files, COMPUTERNAME=ZZZ-PC, COMMONPROGRAMFILES=C:\Program Files\Common Files, COMSPEC=C:\Windows\system32\cmd.exe, PROCESSOR_REVISION=8e09, WINDIR=C:\Windows, =D:=D:\SVN\platform-module-member\platform-member-facade, HOMEPATH=\Users\zzz, TEMP=C:\Users\zzz\AppData\Local\Temp, HOMEDRIVE=C:, PROCESSOR_IDENTIFIER=Intel64 Family 6 Model 142 Stepping 9, GenuineIntel, USERPROFILE=C:\Users\zzz, TMP=C:\Users\zzz\AppData\Local\Temp, WINDOWS_TRACING_LOGFILE=C:\BVTBin\Tests\installpackage\csilogfile.log, PUBLIC=C:\Users\Public, NUMBER_OF_PROCESSORS=4, =::=::\}}]
15:17:48.571 [main] DEBUG org.springframework.core.io.support.PathMatchingResourcePatternResolver - Resolved classpath location [com/qmx/member/] to resources [URL [file:/D:/SVN/platform-module-member/platform-member-facade/target/test-classes/com/qmx/member/]]
15:17:48.572 [main] DEBUG org.springframework.core.io.support.PathMatchingResourcePatternResolver - Looking for matching resources in directory tree [D:\SVN\platform-module-member\platform-member-facade\target\test-classes\com\qmx\member]
15:17:48.572 [main] DEBUG org.springframework.core.io.support.PathMatchingResourcePatternResolver - Searching directory [D:\SVN\platform-module-member\platform-member-facade\target\test-classes\com\qmx\member] for files matching pattern [D:/SVN/platform-module-member/platform-member-facade/target/test-classes/com/qmx/member/*.class]
15:17:48.575 [main] DEBUG org.springframework.core.io.support.PathMatchingResourcePatternResolver - Resolved location pattern [classpath*:com/qmx/member/*.class] to resources [file [D:\SVN\platform-module-member\platform-member-facade\target\test-classes\com\qmx\member\PlatformMemberFacadeApplicationTests.class]]
15:17:48.613 [main] DEBUG org.springframework.core.io.support.PathMatchingResourcePatternResolver - Resolved classpath location [com/qmx/] to resources [URL [file:/D:/SVN/platform-module-member/platform-member-facade/target/test-classes/com/qmx/], URL [jar:file:/D:/java/maven/localRepository/com/qmx/platform-base-core/0.3.0-SNAPSHOT/platform-base-core-0.3.0-SNAPSHOT.jar!/com/qmx/], URL [jar:file:/D:/java/maven/localRepository/com/qmx/platform-base-api/0.3.0-SNAPSHOT/platform-base-api-0.3.0-SNAPSHOT.jar!/com/qmx/], URL [jar:file:/D:/java/maven/localRepository/com/qmx/platform-core-facade/0.3.0-SNAPSHOT/platform-core-facade-0.3.0-SNAPSHOT.jar!/com/qmx/]]
15:17:48.613 [main] DEBUG org.springframework.core.io.support.PathMatchingResourcePatternResolver - Looking for matching resources in directory tree [D:\SVN\platform-module-member\platform-member-facade\target\test-classes\com\qmx]
15:17:48.614 [main] DEBUG org.springframework.core.io.support.PathMatchingResourcePatternResolver - Searching directory [D:\SVN\platform-module-member\platform-member-facade\target\test-classes\com\qmx] for files matching pattern [D:/SVN/platform-module-member/platform-member-facade/target/test-classes/com/qmx/*.class]
15:17:48.618 [main] DEBUG org.springframework.core.io.support.PathMatchingResourcePatternResolver - Looking for matching resources in jar file [file:/D:/java/maven/localRepository/com/qmx/platform-base-core/0.3.0-SNAPSHOT/platform-base-core-0.3.0-SNAPSHOT.jar]
15:17:48.625 [main] DEBUG org.springframework.core.io.support.PathMatchingResourcePatternResolver - Looking for matching resources in jar file [file:/D:/java/maven/localRepository/com/qmx/platform-base-api/0.3.0-SNAPSHOT/platform-base-api-0.3.0-SNAPSHOT.jar]
15:17:48.626 [main] DEBUG org.springframework.core.io.support.PathMatchingResourcePatternResolver - Looking for matching resources in jar file [file:/D:/java/maven/localRepository/com/qmx/platform-core-facade/0.3.0-SNAPSHOT/platform-core-facade-0.3.0-SNAPSHOT.jar]
15:17:48.636 [main] DEBUG org.springframework.core.io.support.PathMatchingResourcePatternResolver - Resolved location pattern [classpath*:com/qmx/*.class] to resources []
15:17:48.642 [main] DEBUG org.springframework.core.io.support.PathMatchingResourcePatternResolver - Resolved classpath location [com/] to resources [URL [file:/D:/SVN/platform-module-member/platform-member-facade/target/test-classes/com/], URL [jar:file:/D:/java/maven/localRepository/com/jayway/jsonpath/json-path/2.4.0/json-path-2.4.0.jar!/com/], URL [jar:file:/D:/java/maven/localRepository/com/qmx/platform-base-core/0.3.0-SNAPSHOT/platform-base-core-0.3.0-SNAPSHOT.jar!/com/], URL [jar:file:/D:/java/maven/localRepository/com/fasterxml/jackson/datatype/jackson-datatype-jdk8/2.9.6/jackson-datatype-jdk8-2.9.6.jar!/com/], URL [jar:file:/D:/java/maven/localRepository/com/fasterxml/jackson/datatype/jackson-datatype-jsr310/2.9.6/jackson-datatype-jsr310-2.9.6.jar!/com/], URL [jar:file:/D:/java/maven/localRepository/com/fasterxml/jackson/module/jackson-module-parameter-names/2.9.6/jackson-module-parameter-names-2.9.6.jar!/com/], URL [jar:file:/D:/java/maven/localRepository/com/fasterxml/classmate/1.3.4/classmate-1.3.4.jar!/com/], URL [jar:file:/D:/java/maven/localRepository/com/octo/captcha/jcaptcha/1.0/jcaptcha-1.0.jar!/com/], URL [jar:file:/D:/java/maven/localRepository/com/octo/captcha/jcaptcha-api/1.0/jcaptcha-api-1.0.jar!/com/], URL [jar:file:/D:/java/maven/localRepository/com/google/zxing/core/3.2.0/core-3.2.0.jar!/com/], URL [jar:file:/D:/java/maven/localRepository/com/esotericsoftware/reflectasm/1.11.3/reflectasm-1.11.3.jar!/com/], URL [jar:file:/D:/java/maven/localRepository/com/belerweb/pinyin4j/2.5.1/pinyin4j-2.5.1.jar!/com/], URL [jar:file:/D:/java/maven/localRepository/com/aliyun/oss/aliyun-sdk-oss/2.8.2/aliyun-sdk-oss-2.8.2.jar!/com/], URL [jar:file:/D:/java/maven/localRepository/com/zaxxer/HikariCP/2.7.9/HikariCP-2.7.9.jar!/com/], URL [jar:file:/D:/java/maven/localRepository/com/alibaba/druid/1.0.28/druid-1.0.28.jar!/com/], URL [jar:file:/D:/java/maven/localRepository/mysql/mysql-connector-java/5.1.46/mysql-connector-java-5.1.46.jar!/com/], URL [jar:file:/D:/java/maven/localRepository/com/qmx/platform-base-api/0.3.0-SNAPSHOT/platform-base-api-0.3.0-SNAPSHOT.jar!/com/], URL [jar:file:/D:/java/maven/localRepository/com/alibaba/fastjson/1.2.38/fastjson-1.2.38.jar!/com/], URL [jar:file:/D:/java/maven/localRepository/com/baomidou/mybatis-plus-boot-starter/2.3/mybatis-plus-boot-starter-2.3.jar!/com/], URL [jar:file:/D:/java/maven/localRepository/com/baomidou/mybatis-plus-support/2.3/mybatis-plus-support-2.3.jar!/com/], URL [jar:file:/D:/java/maven/localRepository/com/baomidou/mybatis-plus-core/2.3/mybatis-plus-core-2.3.jar!/com/], URL [jar:file:/D:/java/maven/localRepository/com/baomidou/mybatis-plus-generate/2.3/mybatis-plus-generate-2.3.jar!/com/], URL [jar:file:/D:/java/maven/localRepository/com/google/guava/guava/18.0/guava-18.0.jar!/com/], URL [jar:file:/D:/java/maven/localRepository/com/aliyun/openservices/ons-client/1.6.0.Final/ons-client-1.6.0.Final.jar!/com/], URL [jar:file:/D:/java/maven/localRepository/com/fasterxml/jackson/core/jackson-annotations/2.9.0/jackson-annotations-2.9.0.jar!/com/], URL [jar:file:/D:/java/maven/localRepository/com/fasterxml/jackson/core/jackson-databind/2.9.6/jackson-databind-2.9.6.jar!/com/], URL [jar:file:/D:/java/maven/localRepository/com/fasterxml/jackson/core/jackson-core/2.9.6/jackson-core-2.9.6.jar!/com/], URL [jar:file:/D:/java/maven/localRepository/com/netflix/eureka/eureka-client/1.9.2/eureka-client-1.9.2.jar!/com/], URL [jar:file:/D:/java/maven/localRepository/com/netflix/netflix-commons/netflix-eventbus/0.3.0/netflix-eventbus-0.3.0.jar!/com/], URL [jar:file:/D:/java/maven/localRepository/com/netflix/netflix-commons/netflix-infix/0.3.0/netflix-infix-0.3.0.jar!/com/], URL [jar:file:/D:/java/maven/localRepository/com/google/code/gson/gson/2.8.5/gson-2.8.5.jar!/com/], URL [jar:file:/D:/java/maven/localRepository/com/netflix/archaius/archaius-core/0.7.6/archaius-core-0.7.6.jar!/com/], URL [jar:file:/D:/java/maven/localRepository/com/netflix/servo/servo-core/0.12.21/servo-core-0.12.21.jar!/com/], URL [jar:file:/D:/java/maven/localRepository/com/sun/jersey/jersey-core/1.19.1/jersey-core-1.19.1.jar!/com/], URL [jar:file:/D:/java/maven/localRepository/com/sun/jersey/jersey-client/1.19.1/jersey-client-1.19.1.jar!/com/], URL [jar:file:/D:/java/maven/localRepository/com/sun/jersey/contribs/jersey-apache-client4/1.19.1/jersey-apache-client4-1.19.1.jar!/com/], URL [jar:file:/D:/java/maven/localRepository/com/google/inject/guice/4.1.0/guice-4.1.0.jar!/com/], URL [jar:file:/D:/java/maven/localRepository/com/github/andrewoma/dexx/dexx-collections/0.2/dexx-collections-0.2.jar!/com/], URL [jar:file:/D:/java/maven/localRepository/com/netflix/eureka/eureka-core/1.9.2/eureka-core-1.9.2.jar!/com/], URL [jar:file:/D:/java/maven/localRepository/org/codehaus/woodstox/woodstox-core-asl/4.4.1/woodstox-core-asl-4.4.1.jar!/com/], URL [jar:file:/D:/java/maven/localRepository/com/netflix/ribbon/ribbon/2.2.5/ribbon-2.2.5.jar!/com/], URL [jar:file:/D:/java/maven/localRepository/com/netflix/ribbon/ribbon-transport/2.2.5/ribbon-transport-2.2.5.jar!/com/], URL [jar:file:/D:/java/maven/localRepository/io/reactivex/rxnetty-contexts/0.4.9/rxnetty-contexts-0.4.9.jar!/com/], URL [jar:file:/D:/java/maven/localRepository/com/netflix/ribbon/ribbon-core/2.2.5/ribbon-core-2.2.5.jar!/com/], URL [jar:file:/D:/java/maven/localRepository/com/netflix/ribbon/ribbon-httpclient/2.2.5/ribbon-httpclient-2.2.5.jar!/com/], URL [jar:file:/D:/java/maven/localRepository/com/netflix/netflix-commons/netflix-commons-util/0.1.1/netflix-commons-util-0.1.1.jar!/com/], URL [jar:file:/D:/java/maven/localRepository/com/netflix/ribbon/ribbon-loadbalancer/2.2.5/ribbon-loadbalancer-2.2.5.jar!/com/], URL [jar:file:/D:/java/maven/localRepository/com/netflix/netflix-commons/netflix-statistics/0.1.1/netflix-statistics-0.1.1.jar!/com/], URL [jar:file:/D:/java/maven/localRepository/com/netflix/ribbon/ribbon-eureka/2.2.5/ribbon-eureka-2.2.5.jar!/com/], URL [jar:file:/D:/java/maven/localRepository/com/netflix/hystrix/hystrix-core/1.4.26/hystrix-core-1.4.26.jar!/com/], URL [jar:file:/D:/java/maven/localRepository/com/thoughtworks/xstream/xstream/1.4.10/xstream-1.4.10.jar!/com/], URL [jar:file:/D:/java/maven/localRepository/com/qmx/platform-core-facade/0.3.0-SNAPSHOT/platform-core-facade-0.3.0-SNAPSHOT.jar!/com/]]
15:17:48.650 [main] DEBUG org.springframework.core.io.support.PathMatchingResourcePatternResolver - Looking for matching resources in directory tree [D:\SVN\platform-module-member\platform-member-facade\target\test-classes\com]
15:17:48.650 [main] DEBUG org.springframework.core.io.support.PathMatchingResourcePatternResolver - Searching directory [D:\SVN\platform-module-member\platform-member-facade\target\test-classes\com] for files matching pattern [D:/SVN/platform-module-member/platform-member-facade/target/test-classes/com/*.class]
15:17:48.651 [main] DEBUG org.springframework.core.io.support.PathMatchingResourcePatternResolver - Looking for matching resources in jar file [file:/D:/java/maven/localRepository/com/jayway/jsonpath/json-path/2.4.0/json-path-2.4.0.jar]
15:17:48.657 [main] DEBUG org.springframework.core.io.support.PathMatchingResourcePatternResolver - Looking for matching resources in jar file [file:/D:/java/maven/localRepository/com/qmx/platform-base-core/0.3.0-SNAPSHOT/platform-base-core-0.3.0-SNAPSHOT.jar]
15:17:48.658 [main] DEBUG org.springframework.core.io.support.PathMatchingResourcePatternResolver - Looking for matching resources in jar file [file:/D:/java/maven/localRepository/com/fasterxml/jackson/datatype/jackson-datatype-jdk8/2.9.6/jackson-datatype-jdk8-2.9.6.jar]
15:17:48.663 [main] DEBUG org.springframework.core.io.support.PathMatchingResourcePatternResolver - Looking for matching resources in jar file [file:/D:/java/maven/localRepository/com/fasterxml/jackson/datatype/jackson-datatype-jsr310/2.9.6/jackson-datatype-jsr310-2.9.6.jar]
15:17:48.665 [main] DEBUG org.springframework.core.io.support.PathMatchingResourcePatternResolver - Looking for matching resources in jar file [file:/D:/java/maven/localRepository/com/fasterxml/jackson/module/jackson-module-parameter-names/2.9.6/jackson-module-parameter-names-2.9.6.jar]
15:17:48.665 [main] DEBUG org.springframework.core.io.support.PathMatchingResourcePatternResolver - Looking for matching resources in jar file [file:/D:/java/maven/localRepository/com/fasterxml/classmate/1.3.4/classmate-1.3.4.jar]
15:17:48.666 [main] DEBUG org.springframework.core.io.support.PathMatchingResourcePatternResolver - Looking for matching resources in jar file [file:/D:/java/maven/localRepository/com/octo/captcha/jcaptcha/1.0/jcaptcha-1.0.jar]
15:17:48.667 [main] DEBUG org.springframework.core.io.support.PathMatchingResourcePatternResolver - Looking for matching resources in jar file [file:/D:/java/maven/localRepository/com/octo/captcha/jcaptcha-api/1.0/jcaptcha-api-1.0.jar]
15:17:48.668 [main] DEBUG org.springframework.core.io.support.PathMatchingResourcePatternResolver - Looking for matching resources in jar file [file:/D:/java/maven/localRepository/com/google/zxing/core/3.2.0/core-3.2.0.jar]
15:17:48.670 [main] DEBUG org.springframework.core.io.support.PathMatchingResourcePatternResolver - Looking for matching resources in jar file [file:/D:/java/maven/localRepository/com/esotericsoftware/reflectasm/1.11.3/reflectasm-1.11.3.jar]
15:17:48.670 [main] DEBUG org.springframework.core.io.support.PathMatchingResourcePatternResolver - Looking for matching resources in jar file [file:/D:/java/maven/localRepository/com/belerweb/pinyin4j/2.5.1/pinyin4j-2.5.1.jar]
15:17:48.671 [main] DEBUG org.springframework.core.io.support.PathMatchingResourcePatternResolver - Looking for matching resources in jar file [file:/D:/java/maven/localRepository/com/aliyun/oss/aliyun-sdk-oss/2.8.2/aliyun-sdk-oss-2.8.2.jar]
15:17:48.673 [main] DEBUG org.springframework.core.io.support.PathMatchingResourcePatternResolver - Looking for matching resources in jar file [file:/D:/java/maven/localRepository/com/zaxxer/HikariCP/2.7.9/HikariCP-2.7.9.jar]
15:17:48.674 [main] DEBUG org.springframework.core.io.support.PathMatchingResourcePatternResolver - Looking for matching resources in jar file [file:/D:/java/maven/localRepository/com/alibaba/druid/1.0.28/druid-1.0.28.jar]
15:17:48.680 [main] DEBUG org.springframework.core.io.support.PathMatchingResourcePatternResolver - Looking for matching resources in jar file [file:/D:/java/maven/localRepository/mysql/mysql-connector-java/5.1.46/mysql-connector-java-5.1.46.jar]
15:17:48.682 [main] DEBUG org.springframework.core.io.support.PathMatchingResourcePatternResolver - Looking for matching resources in jar file [file:/D:/java/maven/localRepository/com/qmx/platform-base-api/0.3.0-SNAPSHOT/platform-base-api-0.3.0-SNAPSHOT.jar]
15:17:48.682 [main] DEBUG org.springframework.core.io.support.PathMatchingResourcePatternResolver - Looking for matching resources in jar file [file:/D:/java/maven/localRepository/com/alibaba/fastjson/1.2.38/fastjson-1.2.38.jar]
15:17:48.684 [main] DEBUG org.springframework.core.io.support.PathMatchingResourcePatternResolver - Looking for matching resources in jar file [file:/D:/java/maven/localRepository/com/baomidou/mybatis-plus-boot-starter/2.3/mybatis-plus-boot-starter-2.3.jar]
15:17:48.684 [main] DEBUG org.springframework.core.io.support.PathMatchingResourcePatternResolver - Looking for matching resources in jar file [file:/D:/java/maven/localRepository/com/baomidou/mybatis-plus-support/2.3/mybatis-plus-support-2.3.jar]
15:17:48.685 [main] DEBUG org.springframework.core.io.support.PathMatchingResourcePatternResolver - Looking for matching resources in jar file [file:/D:/java/maven/localRepository/com/baomidou/mybatis-plus-core/2.3/mybatis-plus-core-2.3.jar]
15:17:48.685 [main] DEBUG org.springframework.core.io.support.PathMatchingResourcePatternResolver - Looking for matching resources in jar file [file:/D:/java/maven/localRepository/com/baomidou/mybatis-plus-generate/2.3/mybatis-plus-generate-2.3.jar]
15:17:48.686 [main] DEBUG org.springframework.core.io.support.PathMatchingResourcePatternResolver - Looking for matching resources in jar file [file:/D:/java/maven/localRepository/com/google/guava/guava/18.0/guava-18.0.jar]
15:17:48.695 [main] DEBUG org.springframework.core.io.support.PathMatchingResourcePatternResolver - Looking for matching resources in jar file [file:/D:/java/maven/localRepository/com/aliyun/openservices/ons-client/1.6.0.Final/ons-client-1.6.0.Final.jar]
15:17:48.707 [main] DEBUG org.springframework.core.io.support.PathMatchingResourcePatternResolver - Looking for matching resources in jar file [file:/D:/java/maven/localRepository/com/fasterxml/jackson/core/jackson-annotations/2.9.0/jackson-annotations-2.9.0.jar]
15:17:48.707 [main] DEBUG org.springframework.core.io.support.PathMatchingResourcePatternResolver - Looking for matching resources in jar file [file:/D:/java/maven/localRepository/com/fasterxml/jackson/core/jackson-databind/2.9.6/jackson-databind-2.9.6.jar]
15:17:48.710 [main] DEBUG org.springframework.core.io.support.PathMatchingResourcePatternResolver - Looking for matching resources in jar file [file:/D:/java/maven/localRepository/com/fasterxml/jackson/core/jackson-core/2.9.6/jackson-core-2.9.6.jar]
15:17:48.711 [main] DEBUG org.springframework.core.io.support.PathMatchingResourcePatternResolver - Looking for matching resources in jar file [file:/D:/java/maven/localRepository/com/netflix/eureka/eureka-client/1.9.2/eureka-client-1.9.2.jar]
15:17:48.713 [main] DEBUG org.springframework.core.io.support.PathMatchingResourcePatternResolver - Looking for matching resources in jar file [file:/D:/java/maven/localRepository/com/netflix/netflix-commons/netflix-eventbus/0.3.0/netflix-eventbus-0.3.0.jar]
15:17:48.735 [main] DEBUG org.springframework.core.io.support.PathMatchingResourcePatternResolver - Looking for matching resources in jar file [file:/D:/java/maven/localRepository/com/netflix/netflix-commons/netflix-infix/0.3.0/netflix-infix-0.3.0.jar]
15:17:48.736 [main] DEBUG org.springframework.core.io.support.PathMatchingResourcePatternResolver - Looking for matching resources in jar file [file:/D:/java/maven/localRepository/com/google/code/gson/gson/2.8.5/gson-2.8.5.jar]
15:17:48.737 [main] DEBUG org.springframework.core.io.support.PathMatchingResourcePatternResolver - Looking for matching resources in jar file [file:/D:/java/maven/localRepository/com/netflix/archaius/archaius-core/0.7.6/archaius-core-0.7.6.jar]
15:17:48.737 [main] DEBUG org.springframework.core.io.support.PathMatchingResourcePatternResolver - Looking for matching resources in jar file [file:/D:/java/maven/localRepository/com/netflix/servo/servo-core/0.12.21/servo-core-0.12.21.jar]
15:17:48.739 [main] DEBUG org.springframework.core.io.support.PathMatchingResourcePatternResolver - Looking for matching resources in jar file [file:/D:/java/maven/localRepository/com/sun/jersey/jersey-core/1.19.1/jersey-core-1.19.1.jar]
15:17:48.740 [main] DEBUG org.springframework.core.io.support.PathMatchingResourcePatternResolver - Looking for matching resources in jar file [file:/D:/java/maven/localRepository/com/sun/jersey/jersey-client/1.19.1/jersey-client-1.19.1.jar]
15:17:48.741 [main] DEBUG org.springframework.core.io.support.PathMatchingResourcePatternResolver - Looking for matching resources in jar file [file:/D:/java/maven/localRepository/com/sun/jersey/contribs/jersey-apache-client4/1.19.1/jersey-apache-client4-1.19.1.jar]
15:17:48.741 [main] DEBUG org.springframework.core.io.support.PathMatchingResourcePatternResolver - Looking for matching resources in jar file [file:/D:/java/maven/localRepository/com/google/inject/guice/4.1.0/guice-4.1.0.jar]
15:17:48.743 [main] DEBUG org.springframework.core.io.support.PathMatchingResourcePatternResolver - Looking for matching resources in jar file [file:/D:/java/maven/localRepository/com/github/andrewoma/dexx/dexx-collections/0.2/dexx-collections-0.2.jar]
15:17:48.744 [main] DEBUG org.springframework.core.io.support.PathMatchingResourcePatternResolver - Looking for matching resources in jar file [file:/D:/java/maven/localRepository/com/netflix/eureka/eureka-core/1.9.2/eureka-core-1.9.2.jar]
15:17:48.745 [main] DEBUG org.springframework.core.io.support.PathMatchingResourcePatternResolver - Looking for matching resources in jar file [file:/D:/java/maven/localRepository/org/codehaus/woodstox/woodstox-core-asl/4.4.1/woodstox-core-asl-4.4.1.jar]
15:17:48.746 [main] DEBUG org.springframework.core.io.support.PathMatchingResourcePatternResolver - Looking for matching resources in jar file [file:/D:/java/maven/localRepository/com/netflix/ribbon/ribbon/2.2.5/ribbon-2.2.5.jar]
15:17:48.746 [main] DEBUG org.springframework.core.io.support.PathMatchingResourcePatternResolver - Looking for matching resources in jar file [file:/D:/java/maven/localRepository/com/netflix/ribbon/ribbon-transport/2.2.5/ribbon-transport-2.2.5.jar]
15:17:48.746 [main] DEBUG org.springframework.core.io.support.PathMatchingResourcePatternResolver - Looking for matching resources in jar file [file:/D:/java/maven/localRepository/io/reactivex/rxnetty-contexts/0.4.9/rxnetty-contexts-0.4.9.jar]
15:17:48.747 [main] DEBUG org.springframework.core.io.support.PathMatchingResourcePatternResolver - Looking for matching resources in jar file [file:/D:/java/maven/localRepository/com/netflix/ribbon/ribbon-core/2.2.5/ribbon-core-2.2.5.jar]
15:17:48.747 [main] DEBUG org.springframework.core.io.support.PathMatchingResourcePatternResolver - Looking for matching resources in jar file [file:/D:/java/maven/localRepository/com/netflix/ribbon/ribbon-httpclient/2.2.5/ribbon-httpclient-2.2.5.jar]
15:17:48.748 [main] DEBUG org.springframework.core.io.support.PathMatchingResourcePatternResolver - Looking for matching resources in jar file [file:/D:/java/maven/localRepository/com/netflix/netflix-commons/netflix-commons-util/0.1.1/netflix-commons-util-0.1.1.jar]
15:17:48.748 [main] DEBUG org.springframework.core.io.support.PathMatchingResourcePatternResolver - Looking for matching resources in jar file [file:/D:/java/maven/localRepository/com/netflix/ribbon/ribbon-loadbalancer/2.2.5/ribbon-loadbalancer-2.2.5.jar]
15:17:48.748 [main] DEBUG org.springframework.core.io.support.PathMatchingResourcePatternResolver - Looking for matching resources in jar file [file:/D:/java/maven/localRepository/com/netflix/netflix-commons/netflix-statistics/0.1.1/netflix-statistics-0.1.1.jar]
15:17:48.749 [main] DEBUG org.springframework.core.io.support.PathMatchingResourcePatternResolver - Looking for matching resources in jar file [file:/D:/java/maven/localRepository/com/netflix/ribbon/ribbon-eureka/2.2.5/ribbon-eureka-2.2.5.jar]
15:17:48.749 [main] DEBUG org.springframework.core.io.support.PathMatchingResourcePatternResolver - Looking for matching resources in jar file [file:/D:/java/maven/localRepository/com/netflix/hystrix/hystrix-core/1.4.26/hystrix-core-1.4.26.jar]
15:17:48.751 [main] DEBUG org.springframework.core.io.support.PathMatchingResourcePatternResolver - Looking for matching resources in jar file [file:/D:/java/maven/localRepository/com/thoughtworks/xstream/xstream/1.4.10/xstream-1.4.10.jar]
15:17:48.796 [main] DEBUG org.springframework.core.io.support.PathMatchingResourcePatternResolver - Looking for matching resources in jar file [file:/D:/java/maven/localRepository/com/qmx/platform-core-facade/0.3.0-SNAPSHOT/platform-core-facade-0.3.0-SNAPSHOT.jar]
15:17:48.797 [main] DEBUG org.springframework.core.io.support.PathMatchingResourcePatternResolver - Resolved location pattern [classpath*:com/*.class] to resources []
]]></system-out>
  </testcase>
</testsuite>